This file contains any messages produced by compilers while
running configure, to aid debugging if configure makes a mistake.

It was created by nntp2sql configure 0.3, which was
generated by GNU Autoconf 2.72.  Invocation command line was

  $ ./configure

## --------- ##
## Platform. ##
## --------- ##

hostname = jons-Mac-Studio.local
uname -m = arm64
uname -r = 25.1.0
uname -s = Darwin
uname -v = Darwin Kernel Version 25.1.0: Mon Oct 20 19:33:00 PDT 2025; root:xnu-12377.41.6~2/RELEASE_ARM64_T6020

/usr/bin/uname -p = arm
/bin/uname -X     = unknown

/bin/arch              = unknown
/usr/bin/arch -k       = unknown
/usr/convex/getsysinfo = unknown
/usr/bin/hostinfo      = Mach kernel version:
	 Darwin Kernel Version 25.1.0: Mon Oct 20 19:33:00 PDT 2025; root:xnu-12377.41.6~2/RELEASE_ARM64_T6020
Kernel configured for up to 24 processors.
24 processors are physically available.
24 processors are logically available.
Processor type: arm64e (ARM64E)
Processors active: 0 1 2 3 4 5 6 7 8 9 10 11 12 13 14 15 16 17 18 19 20 21 22 23
Primary memory available: 64.00 gigabytes
Default processor set: 963 tasks, 4391 threads, 24 processors
Load average: 1.71, Mach factor: 22.28
/bin/machine           = unknown
/usr/bin/oslevel       = unknown
/bin/universe          = unknown

PATH: /opt/homebrew/opt/mysql-client/bin/
PATH: "/opt/homebrew/opt/mysql-client/bin/
PATH: /opt/homebrew/opt/mysql-client/bin/
PATH: "/opt/homebrew/opt/mysql-client/bin/
PATH: /opt/homebrew/opt/mysql-client/bin/
PATH: /opt/homebrew/bin/
PATH: /opt/homebrew/sbin/
PATH: /usr/local/bin/
PATH: /System/Cryptexes/App/usr/bin/
PATH: /usr/bin/
PATH: /bin/
PATH: /usr/sbin/
PATH: /sbin/
PATH: /var/run/com.apple.security.cryptexd/codex.system/bootstrap/usr/local/bin/
PATH: /var/run/com.apple.security.cryptexd/codex.system/bootstrap/usr/bin/
PATH: /var/run/com.apple.security.cryptexd/codex.system/bootstrap/usr/appleinternal/bin/
PATH: /opt/pmk/env/global/bin/
PATH: /Library/Apple/usr/bin/
PATH: /Applications/VMware Fusion.app/Contents/Public""/


## ----------- ##
## Core tests. ##
## ----------- ##

configure:2286: looking for aux files: compile missing install-sh
configure:2299:  trying ./
configure:2328:   ./compile found
configure:2328:   ./missing found
configure:2310:   ./install-sh found
configure:2461: checking for a BSD-compatible install
configure:2535: result: /usr/bin/install -c
configure:2546: checking whether sleep supports fractional seconds
configure:2562: result: yes
configure:2565: checking filesystem timestamp resolution
configure:2700: result: 2
configure:2705: checking whether build environment is sane
configure:2750: result: yes
configure:2921: checking for a race-free mkdir -p
configure:2964: result: mkdir -p
configure:2971: checking for gawk
configure:3007: result: no
configure:2971: checking for mawk
configure:3007: result: no
configure:2971: checking for nawk
configure:3007: result: no
configure:2971: checking for awk
configure:2992: found /usr/bin/awk
configure:3004: result: awk
configure:3015: checking whether make sets $(MAKE)
configure:3039: result: yes
configure:3065: checking whether make supports nested variables
configure:3084: result: yes
configure:3098: checking xargs -n works
configure:3114: result: yes
configure:3199: checking whether UID '501' is supported by ustar format
configure:3205: result: yes
configure:3212: checking whether GID '20' is supported by ustar format
configure:3218: result: yes
configure:3226: checking how to create a ustar tar archive
configure:3237: tar --version
bsdtar 3.5.3 - libarchive 3.7.4 zlib/1.2.12 liblzma/5.4.3 bz2lib/1.0.8 
configure:3240: $? = 0
configure:3280: tardir=conftest.dir && eval tar --format=ustar -chf - "$tardir" >conftest.tar
configure:3283: $? = 0
configure:3287: tar -xf - <conftest.tar
configure:3290: $? = 0
configure:3292: cat conftest.dir/file
GrepMe
configure:3295: $? = 0
configure:3310: result: gnutar
configure:3401: checking for gcc
configure:3422: found /usr/bin/gcc
configure:3434: result: gcc
configure:3793: checking for C compiler version
configure:3802: gcc --version >&5
Apple clang version 17.0.0 (clang-1700.4.4.1)
Target: arm64-apple-darwin25.1.0
Thread model: posix
InstalledDir: /Library/Developer/CommandLineTools/usr/bin
configure:3813: $? = 0
configure:3802: gcc -v >&5
Apple clang version 17.0.0 (clang-1700.4.4.1)
Target: arm64-apple-darwin25.1.0
Thread model: posix
InstalledDir: /Library/Developer/CommandLineTools/usr/bin
configure:3813: $? = 0
configure:3802: gcc -V >&5
clang: error: argument to '-V' is missing (expected 1 value)
clang: error: no input files
configure:3813: $? = 1
configure:3802: gcc -qversion >&5
clang: error: unknown argument '-qversion'; did you mean '--version'?
clang: error: no input files
configure:3813: $? = 1
configure:3802: gcc -version >&5
clang: error: unknown argument '-version'; did you mean '--version'?
clang: error: no input files
configure:3813: $? = 1
configure:3833: checking whether the C compiler works
configure:3855: gcc  -I/opt/homebrew/opt/mysql-client/include -L/opt/homebrew/opt/mysql-client/lib conftest.c  >&5
ld: warning: search path '/opt/homebrew/opt/mysql-client/lib' not found
configure:3859: $? = 0
configure:3910: result: yes
configure:3914: checking for C compiler default output file name
configure:3916: result: a.out
configure:3922: checking for suffix of executables
configure:3929: gcc -o conftest  -I/opt/homebrew/opt/mysql-client/include -L/opt/homebrew/opt/mysql-client/lib conftest.c  >&5
ld: warning: search path '/opt/homebrew/opt/mysql-client/lib' not found
configure:3933: $? = 0
configure:3957: result: 
configure:3981: checking whether we are cross compiling
configure:3989: gcc -o conftest  -I/opt/homebrew/opt/mysql-client/include -L/opt/homebrew/opt/mysql-client/lib conftest.c  >&5
ld: warning: search path '/opt/homebrew/opt/mysql-client/lib' not found
configure:3993: $? = 0
configure:4000: ./conftest
configure:4004: $? = 0
configure:4019: result: no
configure:4025: checking for suffix of object files
configure:4048: gcc -c  -I/opt/homebrew/opt/mysql-client/include conftest.c >&5
configure:4052: $? = 0
configure:4076: result: o
configure:4080: checking whether the compiler supports GNU C
configure:4100: gcc -c  -I/opt/homebrew/opt/mysql-client/include conftest.c >&5
configure:4100: $? = 0
configure:4112: result: yes
configure:4123: checking whether gcc accepts -g
configure:4144: gcc -c -g -I/opt/homebrew/opt/mysql-client/include conftest.c >&5
configure:4144: $? = 0
configure:4191: result: yes
configure:4211: checking for gcc option to enable C11 features
configure:4226: gcc  -c -g -O2 -I/opt/homebrew/opt/mysql-client/include conftest.c >&5
configure:4226: $? = 0
configure:4245: result: none needed
configure:4369: checking whether gcc understands -c and -o together
configure:4392: gcc -c conftest.c -o conftest2.o
configure:4395: $? = 0
configure:4392: gcc -c conftest.c -o conftest2.o
configure:4395: $? = 0
configure:4411: result: yes
configure:4431: checking whether make supports the include directive
configure:4446: make -f confmf.GNU && cat confinc.out
this is the am__doit target
configure:4449: $? = 0
configure:4468: result: yes (GNU style)
configure:4494: checking dependency style of gcc
configure:4607: result: gcc3
configure:4690: checking for pkg-config
configure:4713: found /opt/homebrew/bin/pkg-config
configure:4726: result: /opt/homebrew/bin/pkg-config
configure:4751: checking pkg-config is at least version 0.9.0
configure:4754: result: yes
configure:4767: checking for openssl
configure:4774: $PKG_CONFIG --exists --print-errors "openssl"
configure:4777: $? = 0
configure:4791: $PKG_CONFIG --exists --print-errors "openssl"
configure:4794: $? = 0
configure:4832: result: yes
configure:4838: checking for sqlite3
configure:4845: $PKG_CONFIG --exists --print-errors "sqlite3"
configure:4848: $? = 0
configure:4862: $PKG_CONFIG --exists --print-errors "sqlite3"
configure:4865: $? = 0
configure:4903: result: yes
configure:4909: checking for gtk+-3.0
configure:4916: $PKG_CONFIG --exists --print-errors "gtk+-3.0"
Package gtk+-3.0 was not found in the pkg-config search path.
Perhaps you should add the directory containing `gtk+-3.0.pc'
to the PKG_CONFIG_PATH environment variable
Package 'gtk+-3.0' not found
configure:4919: $? = 1
configure:4933: $PKG_CONFIG --exists --print-errors "gtk+-3.0"
Package gtk+-3.0 was not found in the pkg-config search path.
Perhaps you should add the directory containing `gtk+-3.0.pc'
to the PKG_CONFIG_PATH environment variable
Package 'gtk+-3.0' not found
configure:4936: $? = 1
configure:4950: result: no
Package 'gtk+-3.0' not found
configure:4982: checking for libmariadb
configure:4989: $PKG_CONFIG --exists --print-errors "libmariadb"
Package libmariadb was not found in the pkg-config search path.
Perhaps you should add the directory containing `libmariadb.pc'
to the PKG_CONFIG_PATH environment variable
Package 'libmariadb' not found
configure:4992: $? = 1
configure:5006: $PKG_CONFIG --exists --print-errors "libmariadb"
Package libmariadb was not found in the pkg-config search path.
Perhaps you should add the directory containing `libmariadb.pc'
to the PKG_CONFIG_PATH environment variable
Package 'libmariadb' not found
configure:5009: $? = 1
configure:5023: result: no
Package 'libmariadb' not found
configure:5057: checking for stdio.h
configure:5057: gcc -c -g -O2 -I/opt/homebrew/opt/mysql-client/include conftest.c >&5
configure:5057: $? = 0
configure:5057: result: yes
configure:5057: checking for stdlib.h
configure:5057: gcc -c -g -O2 -I/opt/homebrew/opt/mysql-client/include conftest.c >&5
configure:5057: $? = 0
configure:5057: result: yes
configure:5057: checking for string.h
configure:5057: gcc -c -g -O2 -I/opt/homebrew/opt/mysql-client/include conftest.c >&5
configure:5057: $? = 0
configure:5057: result: yes
configure:5057: checking for inttypes.h
configure:5057: gcc -c -g -O2 -I/opt/homebrew/opt/mysql-client/include conftest.c >&5
configure:5057: $? = 0
configure:5057: result: yes
configure:5057: checking for stdint.h
configure:5057: gcc -c -g -O2 -I/opt/homebrew/opt/mysql-client/include conftest.c >&5
configure:5057: $? = 0
configure:5057: result: yes
configure:5057: checking for strings.h
configure:5057: gcc -c -g -O2 -I/opt/homebrew/opt/mysql-client/include conftest.c >&5
configure:5057: $? = 0
configure:5057: result: yes
configure:5057: checking for sys/stat.h
configure:5057: gcc -c -g -O2 -I/opt/homebrew/opt/mysql-client/include conftest.c >&5
configure:5057: $? = 0
configure:5057: result: yes
configure:5057: checking for sys/types.h
configure:5057: gcc -c -g -O2 -I/opt/homebrew/opt/mysql-client/include conftest.c >&5
configure:5057: $? = 0
configure:5057: result: yes
configure:5057: checking for unistd.h
configure:5057: gcc -c -g -O2 -I/opt/homebrew/opt/mysql-client/include conftest.c >&5
configure:5057: $? = 0
configure:5057: result: yes
configure:5084: checking for mysql/mysql.h
configure:5084: gcc -c -g -O2 -I/opt/homebrew/opt/mysql-client/include conftest.c >&5
conftest.c:49:10: fatal error: 'mysql/mysql.h' file not found
   49 | #include <mysql/mysql.h>
      |          ^~~~~~~~~~~~~~~
1 error generated.
configure:5084: $? = 1
configure: failed program was:
| /* confdefs.h */
| #define PACKAGE_NAME "nntp2sql"
| #define PACKAGE_TARNAME "nntp2sql"
| #define PACKAGE_VERSION "0.3"
| #define PACKAGE_STRING "nntp2sql 0.3"
| #define PACKAGE_BUGREPORT "you@example.com"
| #define PACKAGE_URL ""
| #define PACKAGE "nntp2sql"
| #define VERSION "0.3"
| #define HAVE_STDIO_H 1
| #define HAVE_STDLIB_H 1
| #define HAVE_STRING_H 1
| #define HAVE_INTTYPES_H 1
| #define HAVE_STDINT_H 1
| #define HAVE_STRINGS_H 1
| #define HAVE_SYS_STAT_H 1
| #define HAVE_SYS_TYPES_H 1
| #define HAVE_UNISTD_H 1
| #define STDC_HEADERS 1
| /* end confdefs.h.  */
| #include <stddef.h>
| #ifdef HAVE_STDIO_H
| # include <stdio.h>
| #endif
| #ifdef HAVE_STDLIB_H
| # include <stdlib.h>
| #endif
| #ifdef HAVE_STRING_H
| # include <string.h>
| #endif
| #ifdef HAVE_INTTYPES_H
| # include <inttypes.h>
| #endif
| #ifdef HAVE_STDINT_H
| # include <stdint.h>
| #endif
| #ifdef HAVE_STRINGS_H
| # include <strings.h>
| #endif
| #ifdef HAVE_SYS_TYPES_H
| # include <sys/types.h>
| #endif
| #ifdef HAVE_SYS_STAT_H
| # include <sys/stat.h>
| #endif
| #ifdef HAVE_UNISTD_H
| # include <unistd.h>
| #endif
| #include <mysql/mysql.h>
configure:5084: result: no
configure:5095: checking for mysql_init in -lmysqlclient
configure:5124: gcc -o conftest -g -O2 -I/opt/homebrew/opt/mysql-client/include -L/opt/homebrew/opt/mysql-client/lib conftest.c -lmysqlclient   >&5
ld: warning: search path '/opt/homebrew/opt/mysql-client/lib' not found
ld: library 'mysqlclient' not found
clang: error: linker command failed with exit code 1 (use -v to see invocation)
configure:5124: $? = 1
configure: failed program was:
| /* confdefs.h */
| #define PACKAGE_NAME "nntp2sql"
| #define PACKAGE_TARNAME "nntp2sql"
| #define PACKAGE_VERSION "0.3"
| #define PACKAGE_STRING "nntp2sql 0.3"
| #define PACKAGE_BUGREPORT "you@example.com"
| #define PACKAGE_URL ""
| #define PACKAGE "nntp2sql"
| #define VERSION "0.3"
| #define HAVE_STDIO_H 1
| #define HAVE_STDLIB_H 1
| #define HAVE_STRING_H 1
| #define HAVE_INTTYPES_H 1
| #define HAVE_STDINT_H 1
| #define HAVE_STRINGS_H 1
| #define HAVE_SYS_STAT_H 1
| #define HAVE_SYS_TYPES_H 1
| #define HAVE_UNISTD_H 1
| #define STDC_HEADERS 1
| /* end confdefs.h.  */
| 
| /* Override any GCC internal prototype to avoid an error.
|    Use char because int might match the return type of a GCC
|    builtin and then its argument prototype would still apply.
|    The 'extern "C"' is for builds by C++ compilers;
|    although this is not generally supported in C code supporting it here
|    has little cost and some practical benefit (sr 110532).  */
| #ifdef __cplusplus
| extern "C"
| #endif
| char mysql_init (void);
| int
| main (void)
| {
| return mysql_init ();
|   ;
|   return 0;
| }
configure:5136: result: no
configure:5149: checking for pthread_create in -lpthread
configure:5178: gcc -o conftest -g -O2 -I/opt/homebrew/opt/mysql-client/include -L/opt/homebrew/opt/mysql-client/lib conftest.c -lpthread   >&5
ld: warning: search path '/opt/homebrew/opt/mysql-client/lib' not found
configure:5178: $? = 0
configure:5190: result: yes
configure:5409: checking that generated files are newer than configure
configure:5415: result: done
configure:5470: creating ./config.status

## ---------------------- ##
## Running config.status. ##
## ---------------------- ##

This file was extended by nntp2sql config.status 0.3, which was
generated by GNU Autoconf 2.72.  Invocation command line was

  CONFIG_FILES    = 
  CONFIG_HEADERS  = 
  CONFIG_LINKS    = 
  CONFIG_COMMANDS = 
  $ ./config.status 

on jons-Mac-Studio.local

config.status:875: creating Makefile
config.status:875: creating config.h
config.status:1104: executing depfiles commands
config.status:1181: cd .       && sed -e '/# am--include-marker/d' Makefile         | make -f - am--depfiles
config.status:1186: $? = 0

## ---------------- ##
## Cache variables. ##
## ---------------- ##

ac_cv_c_compiler_gnu=yes
ac_cv_env_CC_set=
ac_cv_env_CC_value=
ac_cv_env_CFLAGS_set=
ac_cv_env_CFLAGS_value=
ac_cv_env_CPPFLAGS_set=set
ac_cv_env_CPPFLAGS_value=-I/opt/homebrew/opt/mysql-client/include
ac_cv_env_GTK3_CFLAGS_set=
ac_cv_env_GTK3_CFLAGS_value=
ac_cv_env_GTK3_LIBS_set=
ac_cv_env_GTK3_LIBS_value=
ac_cv_env_LDFLAGS_set=set
ac_cv_env_LDFLAGS_value=-L/opt/homebrew/opt/mysql-client/lib
ac_cv_env_LIBS_set=
ac_cv_env_LIBS_value=
ac_cv_env_MARIADB_CFLAGS_set=
ac_cv_env_MARIADB_CFLAGS_value=
ac_cv_env_MARIADB_LIBS_set=
ac_cv_env_MARIADB_LIBS_value=
ac_cv_env_OPENSSL_CFLAGS_set=
ac_cv_env_OPENSSL_CFLAGS_value=
ac_cv_env_OPENSSL_LIBS_set=
ac_cv_env_OPENSSL_LIBS_value=
ac_cv_env_PKG_CONFIG_LIBDIR_set=
ac_cv_env_PKG_CONFIG_LIBDIR_value=
ac_cv_env_PKG_CONFIG_PATH_set=set
ac_cv_env_PKG_CONFIG_PATH_value=/opt/homebrew/opt/mysql-client/lib/pkgconfig
ac_cv_env_PKG_CONFIG_set=
ac_cv_env_PKG_CONFIG_value=
ac_cv_env_SQLITE3_CFLAGS_set=
ac_cv_env_SQLITE3_CFLAGS_value=
ac_cv_env_SQLITE3_LIBS_set=
ac_cv_env_SQLITE3_LIBS_value=
ac_cv_env_build_alias_set=
ac_cv_env_build_alias_value=
ac_cv_env_host_alias_set=
ac_cv_env_host_alias_value=
ac_cv_env_target_alias_set=
ac_cv_env_target_alias_value=
ac_cv_header_inttypes_h=yes
ac_cv_header_mysql_mysql_h=no
ac_cv_header_stdint_h=yes
ac_cv_header_stdio_h=yes
ac_cv_header_stdlib_h=yes
ac_cv_header_string_h=yes
ac_cv_header_strings_h=yes
ac_cv_header_sys_stat_h=yes
ac_cv_header_sys_types_h=yes
ac_cv_header_unistd_h=yes
ac_cv_lib_mysqlclient_mysql_init=no
ac_cv_lib_pthread_pthread_create=yes
ac_cv_objext=o
ac_cv_path_ac_pt_PKG_CONFIG=/opt/homebrew/bin/pkg-config
ac_cv_path_install='/usr/bin/install -c'
ac_cv_prog_AWK=awk
ac_cv_prog_ac_ct_CC=gcc
ac_cv_prog_cc_c11=
ac_cv_prog_cc_g=yes
ac_cv_prog_cc_stdc=
ac_cv_prog_make_make_set=yes
am_cv_CC_dependencies_compiler_type=gcc3
am_cv_filesystem_timestamp_resolution=2
am_cv_make_support_nested_variables=yes
am_cv_prog_cc_c_o=yes
am_cv_prog_tar_ustar=gnutar
am_cv_sleep_fractional_seconds=yes
am_cv_xargs_n_works=yes
pkg_cv_OPENSSL_CFLAGS=-I/opt/homebrew/Cellar/openssl@3/3.6.0/include
pkg_cv_OPENSSL_LIBS='-L/opt/homebrew/Cellar/openssl@3/3.6.0/lib -lssl -lcrypto'
pkg_cv_SQLITE3_CFLAGS=
pkg_cv_SQLITE3_LIBS=-lsqlite3

## ----------------- ##
## Output variables. ##
## ----------------- ##

ACLOCAL='${SHELL} '\''/Users/jon/Development/NOV2625/Isotope/missing'\'' aclocal-1.18'
AMDEPBACKSLASH='\'
AMDEP_FALSE='#'
AMDEP_TRUE=''
AMTAR='$${TAR-tar}'
AM_BACKSLASH='\'
AM_DEFAULT_V='$(AM_DEFAULT_VERBOSITY)'
AM_DEFAULT_VERBOSITY='1'
AM_V='$(V)'
AUTOCONF='${SHELL} '\''/Users/jon/Development/NOV2625/Isotope/missing'\'' autoconf'
AUTOHEADER='${SHELL} '\''/Users/jon/Development/NOV2625/Isotope/missing'\'' autoheader'
AUTOMAKE='${SHELL} '\''/Users/jon/Development/NOV2625/Isotope/missing'\'' automake-1.18'
AWK='awk'
CC='gcc'
CCDEPMODE='depmode=gcc3'
CFLAGS='-g -O2'
CPPFLAGS='-I/opt/homebrew/opt/mysql-client/include'
CSCOPE='cscope'
CTAGS='ctags'
CYGPATH_W='echo'
DEFS='-DHAVE_CONFIG_H'
DEPDIR='.deps'
ECHO_C='\c'
ECHO_N=''
ECHO_T=''
ETAGS='etags'
EXEEXT=''
GTK3_CFLAGS=''
GTK3_LIBS=''
INSTALL_DATA='${INSTALL} -m 644'
INSTALL_PROGRAM='${INSTALL}'
INSTALL_SCRIPT='${INSTALL}'
INSTALL_STRIP_PROGRAM='$(install_sh) -c -s'
LDFLAGS='-L/opt/homebrew/opt/mysql-client/lib'
LIBOBJS=''
LIBS=''
LTLIBOBJS=''
MAKEINFO='${SHELL} '\''/Users/jon/Development/NOV2625/Isotope/missing'\'' makeinfo'
MARIADB_CFLAGS=''
MARIADB_LIBS=''
MKDIR_P='mkdir -p'
OBJEXT='o'
OPENSSL_CFLAGS='-I/opt/homebrew/Cellar/openssl@3/3.6.0/include'
OPENSSL_LIBS='-L/opt/homebrew/Cellar/openssl@3/3.6.0/lib -lssl -lcrypto'
PACKAGE='nntp2sql'
PACKAGE_BUGREPORT='you@example.com'
PACKAGE_NAME='nntp2sql'
PACKAGE_STRING='nntp2sql 0.3'
PACKAGE_TARNAME='nntp2sql'
PACKAGE_URL=''
PACKAGE_VERSION='0.3'
PATH_SEPARATOR=':'
PKG_CONFIG='/opt/homebrew/bin/pkg-config'
PKG_CONFIG_LIBDIR=''
PKG_CONFIG_PATH='/opt/homebrew/opt/mysql-client/lib/pkgconfig'
SET_MAKE=''
SHELL='/bin/sh'
SQLITE3_CFLAGS=''
SQLITE3_LIBS='-lsqlite3'
STRIP=''
VERSION='0.3'
WITH_GTK3_FALSE=''
WITH_GTK3_TRUE='#'
WITH_MARIADB_FALSE=''
WITH_MARIADB_TRUE='#'
WITH_OPENSSL_FALSE='#'
WITH_OPENSSL_TRUE=''
WITH_PTHREAD_FALSE='#'
WITH_PTHREAD_TRUE=''
WITH_SQLITE3_FALSE='#'
WITH_SQLITE3_TRUE=''
ac_ct_CC='gcc'
am__EXEEXT_FALSE=''
am__EXEEXT_TRUE='#'
am__fastdepCC_FALSE='#'
am__fastdepCC_TRUE=''
am__include='include'
am__isrc=''
am__leading_dot='.'
am__nodep='_no'
am__quote=''
am__rm_f_notfound=''
am__tar='tar --format=ustar -chf - "$$tardir"'
am__untar='tar -xf -'
am__xargs_n='xargs -n'
bindir='${exec_prefix}/bin'
build_alias=''
datadir='${datarootdir}'
datarootdir='${prefix}/share'
docdir='${datarootdir}/doc/${PACKAGE_TARNAME}'
dvidir='${docdir}'
exec_prefix='${prefix}'
host_alias=''
htmldir='${docdir}'
includedir='${prefix}/include'
infodir='${datarootdir}/info'
install_sh='${SHELL} /Users/jon/Development/NOV2625/Isotope/install-sh'
libdir='${exec_prefix}/lib'
libexecdir='${exec_prefix}/libexec'
localedir='${datarootdir}/locale'
localstatedir='${prefix}/var'
mandir='${datarootdir}/man'
mkdir_p='$(MKDIR_P)'
oldincludedir='/usr/include'
pdfdir='${docdir}'
prefix='/usr/local'
program_transform_name='s,x,x,'
psdir='${docdir}'
runstatedir='${localstatedir}/run'
sbindir='${exec_prefix}/sbin'
sharedstatedir='${prefix}/com'
sysconfdir='${prefix}/etc'
target_alias=''

## ----------- ##
## confdefs.h. ##
## ----------- ##

/* confdefs.h */
#define PACKAGE_NAME "nntp2sql"
#define PACKAGE_TARNAME "nntp2sql"
#define PACKAGE_VERSION "0.3"
#define PACKAGE_STRING "nntp2sql 0.3"
#define PACKAGE_BUGREPORT "you@example.com"
#define PACKAGE_URL ""
#define PACKAGE "nntp2sql"
#define VERSION "0.3"
#define HAVE_STDIO_H 1
#define HAVE_STDLIB_H 1
#define HAVE_STRING_H 1
#define HAVE_INTTYPES_H 1
#define HAVE_STDINT_H 1
#define HAVE_STRINGS_H 1
#define HAVE_SYS_STAT_H 1
#define HAVE_SYS_TYPES_H 1
#define HAVE_UNISTD_H 1
#define STDC_HEADERS 1
#define HAVE_OPENSSL 1
#define HAVE_SQLITE3 1
#define HAVE_PTHREAD 1

configure: exit 0
